Build started 19.1.2014 г. 22:16:08.
     1>Project "D:\Icho\Documents\GitHub\Falling-Rocks-\FallingRocks - Final\FallingRocks - Final\FallingRocks - Final.vcxproj" on node 2 (Build target(s)).
     1>ClCompile:
         C:\Program Files (x86)\Microsoft Visual Studio 12.0\VC\bin\CL.exe /c /Zi /nologo /W3 /WX- /O2 /Oi /Oy- /GL /D WIN32 /D NDEBUG /D _CONSOLE /D _LIB /D _UNICODE /D UNICODE /Gm- /EHsc /MD /GS /Gy /fp:precise /Zc:wchar_t /Zc:forScope /Fo"Release\\" /Fd"Release\vc120.pdb" /Gd /TP /analyze- /errorReport:prompt FallingRocks.cpp
         FallingRocks.cpp
     1>FallingRocks.cpp(304): warning C4305: 'initializing' : truncation from 'int' to 'char'
     1>FallingRocks.cpp(304): warning C4309: 'initializing' : truncation of constant value
     1>FallingRocks.cpp(489): warning C4551: function call missing argument list
     1>FallingRocks.cpp(512): warning C4551: function call missing argument list
     1>FallingRocks.cpp(1135): warning C4309: 'static_cast' : truncation of constant value
     1>FallingRocks.cpp(1136): warning C4309: 'static_cast' : truncation of constant value
     1>FallingRocks.cpp(1137): warning C4309: 'static_cast' : truncation of constant value
     1>FallingRocks.cpp(1138): warning C4309: 'static_cast' : truncation of constant value
     1>FallingRocks.cpp(1139): warning C4309: 'static_cast' : truncation of constant value
     1>FallingRocks.cpp(1140): warning C4309: 'static_cast' : truncation of constant value
     1>FallingRocks.cpp(1141): warning C4309: 'static_cast' : truncation of constant value
     1>FallingRocks.cpp(1325): warning C4244: 'argument' : conversion from 'time_t' to 'unsigned int', possible loss of data
       Link:
         C:\Program Files (x86)\Microsoft Visual Studio 12.0\VC\bin\link.exe /ERRORREPORT:PROMPT /OUT:"D:\Icho\Documents\GitHub\Falling-Rocks-\FallingRocks - Final\Release\FallingRocks - Final.exe" /INCREMENTAL:NO /NOLOGO kernel32.lib user32.lib gdi32.lib winmm.lib winspool.lib comdlg32.lib advapi32.lib shell32.lib ole32.lib oleaut32.lib uuid.lib odbc32.lib odbccp32.lib kernel32.lib user32.lib gdi32.lib winspool.lib comdlg32.lib advapi32.lib shell32.lib ole32.lib oleaut32.lib uuid.lib odbc32.lib odbccp32.lib /MANIFEST /MANIFESTUAC:"level='asInvoker' uiAccess='false'" /manifest:embed /DEBUG /PDB:"D:\Icho\Documents\GitHub\Falling-Rocks-\FallingRocks - Final\Release\FallingRocks - Final.pdb" /SUBSYSTEM:CONSOLE /OPT:REF /OPT:ICF /LTCG /TLBID:1 /DYNAMICBASE /NXCOMPAT /IMPLIB:"D:\Icho\Documents\GitHub\Falling-Rocks-\FallingRocks - Final\Release\FallingRocks - Final.lib" /MACHINE:X86 /SAFESEH Release\ConsoleGaming.obj
         Release\FallingRocks.obj
         Generating code
         Finished generating code
         FallingRocks - Final.vcxproj -> D:\Icho\Documents\GitHub\Falling-Rocks-\FallingRocks - Final\Release\FallingRocks - Final.exe
     1>Done Building Project "D:\Icho\Documents\GitHub\Falling-Rocks-\FallingRocks - Final\FallingRocks - Final\FallingRocks - Final.vcxproj" (Build target(s)).

Build succeeded.

Time Elapsed 00:00:01.64
